<?xml version="1.0" encoding="utf-8" standalone="no"?>
<!--This file represents the results of running a test suite-->
<test-results name="C:\Projects\TourCast\MetCouncilCodeBase\dist\bin\Tests.nunit" total="1" errors="1" failures="0" not-run="0" inconclusive="0" ignored="0" skipped="0" invalid="0" date="2015-04-10" time="13:53:12">
  <environment nunit-version="2.6.3.13283" clr-version="2.0.50727.5472" os-version="Microsoft Windows NT 6.1.7601 Service Pack 1" platform="Win32NT" cwd="C:\Program Files (x86)\NUnit 2.6.3\bin" machine-name="MILKOVITSM-CAM" user="mmilkovits" user-domain="CAMSYS" />
  <culture-info current-culture="en-US" current-uiculture="en-US" />
  <test-suite type="Project" name="C:\Projects\TourCast\MetCouncilCodeBase\dist\bin\Tests.nunit" executed="False" result="Cancelled">
    <results>
      <test-suite type="Assembly" name="C:\Projects\TourCast\MetCouncilCodeBase\dist\bin\Tests.dll" executed="False" result="Cancelled">
        <results>
          <test-suite type="Namespace" name="Tests" executed="False" result="Cancelled">
            <results>
              <test-suite type="Namespace" name="ModelComponent" executed="False" result="Cancelled">
                <results>
                  <test-suite type="TestFixture" name="TourModeChoiceTest" executed="False" result="Cancelled">
                    <categories>
                      <category name="Matrix" />
                      <category name="Integration" />
                    </categories>
                    <results>
                      <test-case name="Tests.ModelComponent.TourModeChoiceTest.TestFullTourModeChoice" executed="False" result="Cancelled">
                        <failure>
                          <message><![CDATA[Test cancelled by user]]></message>
                          <stack-trace><![CDATA[at System.RuntimeMethodHandle.InvokeMethod(Object target, Object[] arguments, Signature sig, Boolean constructor)
at System.Reflection.RuntimeMethodInfo.UnsafeInvokeInternal(Object obj, Object[] parameters, Object[] arguments)
at System.Reflection.RuntimeMethodInfo.Invoke(Object obj, BindingFlags invokeAttr, Binder binder, Object[] parameters, CultureInfo culture)
at NUnit.Core.Reflect.InvokeMethod(MethodInfo method, Object fixture, Object[] args)
at NUnit.Core.TestMethod.RunTestMethod()
at NUnit.Core.TestMethod.RunTestCase(TestResult testResult)
]]></stack-trace>
                        </failure>
                      </test-case>
                    </results>
                  </test-suite>
                </results>
              </test-suite>
            </results>
          </test-suite>
        </results>
      </test-suite>
    </results>
  </test-suite>
</test-results>